<?xml version="1.0" encoding="UTF-8"?>
<!-- Generated by org.testng.reporters.JUnitReportReporter -->
<testsuite hostname="sandra-LIFEBOOK-AH544" name="com.example.tests.SeleniumtestNG" tests="1" failures="0" timestamp="13 Sep 2015 11:16:49 GMT" time="0.878" errors="0">
  <testcase name="testpresentain" time="0.878" classname="com.example.tests.SeleniumtestNG"/>
</testsuite> <!-- com.example.tests.SeleniumtestNG -->
