<?xml version="1.0" encoding="UTF-8"?>
<!-- Generated by org.testng.reporters.JUnitReportReporter -->
<testsuite hostname="sandra-LIFEBOOK-AH544" name="com.example.tests.SeleniumtestNG1" tests="2" failures="0" timestamp="13 Sep 2015 16:54:13 GMT" time="1.359" errors="0">
  <testcase name="testGoogle" time="0.448" classname="com.example.tests.SeleniumtestNG1"/>
  <testcase name="testGoogle" time="0.911" classname="com.example.tests.SeleniumtestNG1"/>
</testsuite> <!-- com.example.tests.SeleniumtestNG1 -->
