<?xml version="1.0" encoding="UTF-8"?>
<!-- Generated by org.testng.reporters.JUnitReportReporter -->
<testsuite hostname="sandra-LIFEBOOK-AH544" name="com.example.tests.SeleniumtestNG" tests="2" failures="0" timestamp="13 Sep 2015 16:54:13 GMT" time="1.496" errors="0">
  <testcase name="testpresentain" time="0.613" classname="com.example.tests.SeleniumtestNG"/>
  <testcase name="testpresentain" time="0.883" classname="com.example.tests.SeleniumtestNG"/>
</testsuite> <!-- com.example.tests.SeleniumtestNG -->
